<?xml version="1.0" encoding="UTF-8"?>
<!-- Generated by org.testng.reporters.JUnitXMLReporter -->
<testsuite hostname="BEDI-PC" ignored="0" name="Character Test" tests="2" failures="1" timestamp="26 Apr 2017 19:46:31 GMT" time="7.739" errors="0">
  <testcase name="valFirstName" time="2.713" classname="dd_tests.charTest"/>
  <testcase name="valLastName" time="4.464" classname="dd_tests.charTest">
    <failure type="java.lang.AssertionError" message="expected:&amp;lt;The max length of last name is 20&amp;gt; but was:&amp;lt;&amp;gt; expected [true] but found [false]">
      <![CDATA[java.lang.AssertionError: expected:<The max length of last name is 20> but was:<> expected [true] but found [false]
	at dd_tests.charTest.valLastName(charTest.java:84)
... Removed 28 stack frames]]>
    </failure>
  </testcase> <!-- valLastName -->
</testsuite> <!-- Character Test -->
